Determining if the pthread_create exist failed with the following output:
Change Dir: /home/scp/ros-codes/catkin_ws/build/catkin_tools_prebuild/CMakeFiles/CMakeTmp

Run Build Command:"/usr/bin/make" "cmTC_43c35/fast"
/usr/bin/make -f CMakeFiles/cmTC_43c35.dir/build.make CMakeFiles/cmTC_43c35.dir/build
make[1]: Entering directory '/home/scp/ros-codes/catkin_ws/build/catkin_tools_prebuild/CMakeFiles/CMakeTmp'
Building C object CMakeFiles/cmTC_43c35.dir/CheckSymbolExists.c.o
/usr/bin/cc     -o CMakeFiles/cmTC_43c35.dir/CheckSymbolExists.c.o   -c /home/scp/ros-codes/catkin_ws/build/catkin_tools_prebuild/CMakeFiles/CMakeTmp/CheckSymbolExists.c
Linking C executable cmTC_43c35
/usr/bin/cmake -E cmake_link_script CMakeFiles/cmTC_43c35.dir/link.txt --verbose=1
/usr/bin/cc       CMakeFiles/cmTC_43c35.dir/CheckSymbolExists.c.o  -o cmTC_43c35 -rdynamic 
CMakeFiles/cmTC_43c35.dir/CheckSymbolExists.c.o: In function `main':
CheckSymbolExists.c:(.text+0xa): undefined reference to `pthread_create'
collect2: error: ld returned 1 exit status
CMakeFiles/cmTC_43c35.dir/build.make:97: recipe for target 'cmTC_43c35' failed
make[1]: *** [cmTC_43c35] Error 1
make[1]: Leaving directory '/home/scp/ros-codes/catkin_ws/build/catkin_tools_prebuild/CMakeFiles/CMakeTmp'
Makefile:126: recipe for target 'cmTC_43c35/fast' failed
make: *** [cmTC_43c35/fast] Error 2

File /home/scp/ros-codes/catkin_ws/build/catkin_tools_prebuild/CMakeFiles/CMakeTmp/CheckSymbolExists.c:
/* */
#include <pthread.h>

int main(int argc, char** argv)
{
  (void)argv;
#ifndef pthread_create
  return ((int*)(&pthread_create))[argc];
#else
  (void)argc;
  return 0;
#endif
}

Determining if the function pthread_create exists in the pthreads failed with the following output:
Change Dir: /home/scp/ros-codes/catkin_ws/build/catkin_tools_prebuild/CMakeFiles/CMakeTmp

Run Build Command:"/usr/bin/make" "cmTC_1217c/fast"
/usr/bin/make -f CMakeFiles/cmTC_1217c.dir/build.make CMakeFiles/cmTC_1217c.dir/build
make[1]: Entering directory '/home/scp/ros-codes/catkin_ws/build/catkin_tools_prebuild/CMakeFiles/CMakeTmp'
Building C object CMakeFiles/cmTC_1217c.dir/CheckFunctionExists.c.o
/usr/bin/cc    -DCHECK_FUNCTION_EXISTS=pthread_create   -o CMakeFiles/cmTC_1217c.dir/CheckFunctionExists.c.o   -c /usr/share/cmake-3.5/Modules/CheckFunctionExists.c
Linking C executable cmTC_1217c
/usr/bin/cmake -E cmake_link_script CMakeFiles/cmTC_1217c.dir/link.txt --verbose=1
/usr/bin/cc   -DCHECK_FUNCTION_EXISTS=pthread_create    CMakeFiles/cmTC_1217c.dir/CheckFunctionExists.c.o  -o cmTC_1217c -rdynamic -lpthreads 
/usr/bin/ld: cannot find -lpthreads
collect2: error: ld returned 1 exit status
CMakeFiles/cmTC_1217c.dir/build.make:97: recipe for target 'cmTC_1217c' failed
make[1]: *** [cmTC_1217c] Error 1
make[1]: Leaving directory '/home/scp/ros-codes/catkin_ws/build/catkin_tools_prebuild/CMakeFiles/CMakeTmp'
Makefile:126: recipe for target 'cmTC_1217c/fast' failed
make: *** [cmTC_1217c/fast] Error 2


